2026-04-19T18:36:41.201+08:00 INF main.go:135 ✅ 日志已初始化 log_file=log/property_system_20260419_183641.log log_level=INFO format=custom show_source=true go_version=go1.26.1 os=windows
2026-04-19T18:36:41.202+08:00 INF main.go:319 === 游戏属性管理系统完整测试（全局到期管理）===
2026-04-19T18:36:41.202+08:00 INF main.go:320 启动时间 
2026-04-19T18:36:41.202+08:00 INF main.go:321 ===================================================
2026-04-19T18:36:41.202+08:00 INF formula_mgr.go:64 公式系统初始化完成 formula_count=5
2026-04-19T18:36:41.202+08:00 INF main.go:328 [阶段1] 加载配置文件
2026-04-19T18:36:41.202+08:00 INF main.go:329 --------------------------------------------------
2026-04-19T18:36:41.205+08:00 INF def_table.go:69 属性定义表初始化完成 prop_count=10
2026-04-19T18:36:41.205+08:00 INF main.go:344 ✅ 全局属性定义 count=10
2026-04-19T18:36:41.205+08:00 INF event_mgr.go:346 事件管理器已创建 initial_buffer_size=1000
2026-04-19T18:36:41.205+08:00 INF event_mgr.go:400 设置全局监听者
2026-04-19T18:36:41.205+08:00 INF template_mgr.go:69 注册模板 template_id=1 name=玩家 original_prop_count=10 expanded_prop_count=10
2026-04-19T18:36:41.205+08:00 INF main.go:632 ✅ 注册玩家模板 id=1 prop_count=10
2026-04-19T18:36:41.206+08:00 INF template_mgr.go:69 注册模板 template_id=2 name=怪物 original_prop_count=6 expanded_prop_count=6
2026-04-19T18:36:41.206+08:00 INF main.go:655 ✅ 注册怪物模板 id=2 prop_count=6
2026-04-19T18:36:41.206+08:00 INF main.go:1140 [阶段15] 测试14: 公式系统边界测试
2026-04-19T18:36:41.206+08:00 INF main.go:1141 --------------------------------------------------
2026-04-19T18:36:41.206+08:00 INF main.go:2743 [阶段15] 测试14: 公式系统边界测试
2026-04-19T18:36:41.206+08:00 INF main.go:2744 --------------------------------------------------
2026-04-19T18:36:41.206+08:00 INF main.go:2808 测试用例 name=零值测试
2026-04-19T18:36:41.206+08:00 INF main.go:2828  公式计算正确判定 attackok=true hpok=true defenseok=true
2026-04-19T18:36:41.206+08:00 INF main.go:547 属性变更事件 object_id=90000 prop_id=2 prop_ident=strength old_value=0 new_value=0 
2026-04-19T18:36:41.206+08:00 INF main.go:2834 ✅ 公式计算正确 strength=0 agility=0 stamina=0 attack=0 hp=0 defense=0
2026-04-19T18:36:41.206+08:00 INF main.go:547 属性变更事件 object_id=90000 prop_id=3 prop_ident=agility old_value=0 new_value=0 
2026-04-19T18:36:41.207+08:00 INF main.go:2808 测试用例 name=负值测试
2026-04-19T18:36:41.207+08:00 INF main.go:547 属性变更事件 object_id=90000 prop_id=5 prop_ident=stamina old_value=0 new_value=0 
2026-04-19T18:36:41.207+08:00 INF main.go:2828  公式计算正确判定 attackok=true hpok=true defenseok=true
2026-04-19T18:36:41.207+08:00 INF main.go:2834 ✅ 公式计算正确 strength=-10 agility=-5 stamina=-3 attack=-27.5 hp=-60 defense=-6
2026-04-19T18:36:41.207+08:00 INF main.go:547 属性变更事件 object_id=90000 prop_id=2 prop_ident=strength old_value=0 new_value=0 
2026-04-19T18:36:41.207+08:00 INF main.go:2808 测试用例 name=极大值测试
2026-04-19T18:36:41.208+08:00 INF main.go:547 属性变更事件 object_id=90000 prop_id=3 prop_ident=agility old_value=0 new_value=0 
2026-04-19T18:36:41.208+08:00 INF main.go:2828  公式计算正确判定 attackok=true hpok=true defenseok=true
2026-04-19T18:36:41.208+08:00 INF main.go:547 属性变更事件 object_id=90000 prop_id=5 prop_ident=stamina old_value=0 new_value=0 
2026-04-19T18:36:41.208+08:00 INF main.go:547 属性变更事件 object_id=90000 prop_id=2 prop_ident=strength old_value=0 new_value=0 
2026-04-19T18:36:41.208+08:00 INF main.go:2834 ✅ 公式计算正确 strength=10000 agility=10000 stamina=10000 attack=35000 hp=200000 defense=13000
2026-04-19T18:36:41.208+08:00 INF main.go:547 属性变更事件 object_id=90000 prop_id=3 prop_ident=agility old_value=0 new_value=0 
2026-04-19T18:36:41.209+08:00 INF main.go:2808 测试用例 name=浮点精度测试
2026-04-19T18:36:41.209+08:00 INF main.go:547 属性变更事件 object_id=90000 prop_id=5 prop_ident=stamina old_value=0 new_value=0 
2026-04-19T18:36:41.209+08:00 INF main.go:2828  公式计算正确判定 attackok=true hpok=true defenseok=true
2026-04-19T18:36:41.209+08:00 INF main.go:547 属性变更事件 object_id=90000 prop_id=2 prop_ident=strength old_value=0 new_value=0 
2026-04-19T18:36:41.209+08:00 INF main.go:547 属性变更事件 object_id=90000 prop_id=3 prop_ident=agility old_value=0 new_value=0 
2026-04-19T18:36:41.209+08:00 INF main.go:547 属性变更事件 object_id=90000 prop_id=5 prop_ident=stamina old_value=0 new_value=0 
2026-04-19T18:36:41.209+08:00 INF main.go:2834 ✅ 公式计算正确 strength=0.10000000149011612 agility=0.20000000298023224 stamina=0.30000001192092896 attack=0.5 hp=0 defense=0.33000001311302185
2026-04-19T18:36:41.210+08:00 INF main.go:2858 ✅ 公式系统边界测试全部通过
2026-04-19T18:36:41.210+08:00 INF main.go:378 ✅ 所有测试完成！属性系统功能完整正常。
2026-04-19T18:36:41.210+08:00 INF main.go:379 ============================================================
2026-04-19T18:36:41.210+08:00 INF event_mgr.go:668 停止事件管理器
2026-04-19T18:36:41.210+08:00 INF event_mgr.go:648 事件处理循环已停止 total_processed=12
2026-04-19T18:36:41.210+08:00 INF event_mgr.go:675 事件管理器已停止
2026-04-19T18:36:41.211+08:00 INF event_mgr.go:677 事件队列最终统计 total_enqueued=12 total_dropped=0 total_expanded=0 max_queue_size=4 final_capacity=1000
2026-04-19T18:36:41.211+08:00 INF event_mgr.go:685 事件管理器统计 skipped_no_listener=0 enqueued=12 dequeued=12 dropped=0
